{"D:\\Projets\\elearn_mobile\\components\\ThemedText.tsx": {"path":"D:\\Projets\\elearn_mobile\\components\\ThemedText.tsx","statementMap":{"0":{"start":{"line":19,"column":18},"end":{"line":19,"column":77}},"1":{"start":{"line":21,"column":4},"end":{"line":34,"column":6}},"2":{"start":{"line":37,"column":15},"end":{"line":66,"column":2}}},"fnMap":{"0":{"name":"ThemedText","decl":{"start":{"line":12,"column":16},"end":{"line":12,"column":26}},"loc":{"start":{"line":18,"column":47},"end":{"line":35,"column":1}},"line":18}},"branchMap":{"0":{"loc":{"start":{"line":16,"column":31},"end":{"line":16,"column":47}},"type":"default-arg","locations":[{"start":{"line":16,"column":38},"end":{"line":16,"column":47}}],"line":16},"1":{"loc":{"start":{"line":25,"column":16},"end":{"line":25,"column":63}},"type":"cond-expr","locations":[{"start":{"line":25,"column":37},"end":{"line":25,"column":51}},{"start":{"line":25,"column":54},"end":{"line":25,"column":63}}],"line":25},"2":{"loc":{"start":{"line":26,"column":16},"end":{"line":26,"column":59}},"type":"cond-expr","locations":[{"start":{"line":26,"column":35},"end":{"line":26,"column":47}},{"start":{"line":26,"column":50},"end":{"line":26,"column":59}}],"line":26},"3":{"loc":{"start":{"line":27,"column":16},"end":{"line":27,"column":79}},"type":"cond-expr","locations":[{"start":{"line":27,"column":45},"end":{"line":27,"column":67}},{"start":{"line":27,"column":70},"end":{"line":27,"column":79}}],"line":27},"4":{"loc":{"start":{"line":28,"column":16},"end":{"line":28,"column":65}},"type":"cond-expr","locations":[{"start":{"line":28,"column":38},"end":{"line":28,"column":53}},{"start":{"line":28,"column":56},"end":{"line":28,"column":65}}],"line":28},"5":{"loc":{"start":{"line":29,"column":16},"end":{"line":29,"column":57}},"type":"cond-expr","locations":[{"start":{"line":29,"column":34},"end":{"line":29,"column":45}},{"start":{"line":29,"column":48},"end":{"line":29,"column":57}}],"line":29}},"s":{"0":1,"1":1,"2":1},"f":{"0":1},"b":{"0":[1],"1":[1,0],"2":[0,1],"3":[0,1],"4":[0,1],"5":[0,1]},"_coverageSchema":"1a1c01bbd47fc00a2c39e90264f33305004495a9","hash":"c03dd8aa8c87ec7a8653fb785e4072ee14a2158b"}
,"D:\\Projets\\elearn_mobile\\components\\settings\\SettingsItem.tsx": {"path":"D:\\Projets\\elearn_mobile\\components\\settings\\SettingsItem.tsx","statementMap":{"0":{"start":{"line":23,"column":56},"end":{"line":85,"column":1}},"1":{"start":{"line":33,"column":24},"end":{"line":33,"column":36}},"2":{"start":{"line":36,"column":4},"end":{"line":56,"column":5}},"3":{"start":{"line":37,"column":8},"end":{"line":55,"column":10}},"4":{"start":{"line":59,"column":4},"end":{"line":84,"column":6}},"5":{"start":{"line":63,"column":16},"end":{"line":63,"column":42}},"6":{"start":{"line":64,"column":16},"end":{"line":64,"column":39}},"7":{"start":{"line":64,"column":29},"end":{"line":64,"column":39}},"8":{"start":{"line":87,"column":15},"end":{"line":141,"column":2}}},"fnMap":{"0":{"name":"(anonymous_0)","decl":{"start":{"line":23,"column":56},"end":{"line":23,"column":57}},"loc":{"start":{"line":32,"column":6},"end":{"line":85,"column":1}},"line":32},"1":{"name":"(anonymous_1)","decl":{"start":{"line":62,"column":21},"end":{"line":62,"column":22}},"loc":{"start":{"line":62,"column":27},"end":{"line":65,"column":13}},"line":62}},"branchMap":{"0":{"loc":{"start":{"line":36,"column":4},"end":{"line":56,"column":5}},"type":"if","locations":[{"start":{"line":36,"column":4},"end":{"line":56,"column":5}},{"start":{},"end":{}}],"line":36},"1":{"loc":{"start":{"line":38,"column":46},"end":{"line":38,"column":78}},"type":"binary-expr","locations":[{"start":{"line":38,"column":46},"end":{"line":38,"column":52}},{"start":{"line":38,"column":56},"end":{"line":38,"column":78}}],"line":38},"2":{"loc":{"start":{"line":40,"column":56},"end":{"line":40,"column":90}},"type":"binary-expr","locations":[{"start":{"line":40,"column":56},"end":{"line":40,"column":62}},{"start":{"line":40,"column":66},"end":{"line":40,"column":90}}],"line":40},"3":{"loc":{"start":{"line":44,"column":59},"end":{"line":44,"column":92}},"type":"binary-expr","locations":[{"start":{"line":44,"column":59},"end":{"line":44,"column":65}},{"start":{"line":44,"column":69},"end":{"line":44,"column":92}}],"line":44},"4":{"loc":{"start":{"line":45,"column":62},"end":{"line":45,"column":98}},"type":"binary-expr","locations":[{"start":{"line":45,"column":62},"end":{"line":45,"column":68}},{"start":{"line":45,"column":72},"end":{"line":45,"column":98}}],"line":45},"5":{"loc":{"start":{"line":52,"column":32},"end":{"line":52,"column":74}},"type":"cond-expr","locations":[{"start":{"line":52,"column":60},"end":{"line":52,"column":69}},{"start":{"line":52,"column":72},"end":{"line":52,"column":74}}],"line":52},"6":{"loc":{"start":{"line":61,"column":40},"end":{"line":61,"column":72}},"type":"binary-expr","locations":[{"start":{"line":61,"column":40},"end":{"line":61,"column":46}},{"start":{"line":61,"column":50},"end":{"line":61,"column":72}}],"line":61},"7":{"loc":{"start":{"line":64,"column":16},"end":{"line":64,"column":39}},"type":"if","locations":[{"start":{"line":64,"column":16},"end":{"line":64,"column":39}},{"start":{},"end":{}}],"line":64},"8":{"loc":{"start":{"line":68,"column":52},"end":{"line":68,"column":86}},"type":"binary-expr","locations":[{"start":{"line":68,"column":52},"end":{"line":68,"column":58}},{"start":{"line":68,"column":62},"end":{"line":68,"column":86}}],"line":68},"9":{"loc":{"start":{"line":72,"column":55},"end":{"line":72,"column":88}},"type":"binary-expr","locations":[{"start":{"line":72,"column":55},"end":{"line":72,"column":61}},{"start":{"line":72,"column":65},"end":{"line":72,"column":88}}],"line":72},"10":{"loc":{"start":{"line":73,"column":58},"end":{"line":73,"column":94}},"type":"binary-expr","locations":[{"start":{"line":73,"column":58},"end":{"line":73,"column":64}},{"start":{"line":73,"column":68},"end":{"line":73,"column":94}}],"line":73},"11":{"loc":{"start":{"line":76,"column":13},"end":{"line":82,"column":13}},"type":"binary-expr","locations":[{"start":{"line":76,"column":13},"end":{"line":76,"column":27}},{"start":{"line":77,"column":16},"end":{"line":81,"column":18}}],"line":76},"12":{"loc":{"start":{"line":80,"column":27},"end":{"line":80,"column":57}},"type":"cond-expr","locations":[{"start":{"line":80,"column":36},"end":{"line":80,"column":45}},{"start":{"line":80,"column":48},"end":{"line":80,"column":57}}],"line":80}},"s":{"0":1,"1":2,"2":2,"3":1,"4":1,"5":1,"6":1,"7":1,"8":1},"f":{"0":2,"1":1},"b":{"0":[1,1],"1":[1,0],"2":[1,0],"3":[1,0],"4":[1,0],"5":[0,1],"6":[1,0],"7":[1,0],"8":[1,0],"9":[1,0],"10":[1,0],"11":[1,1],"12":[0,1]},"_coverageSchema":"1a1c01bbd47fc00a2c39e90264f33305004495a9","hash":"c8ba6fefe169a479b21deab7ad93b16b320be801"}
,"D:\\Projets\\elearn_mobile\\constants\\Colors.ts": {"path":"D:\\Projets\\elearn_mobile\\constants\\Colors.ts","statementMap":{"0":{"start":{"line":6,"column":23},"end":{"line":6,"column":32}},"1":{"start":{"line":7,"column":22},"end":{"line":7,"column":28}},"2":{"start":{"line":9,"column":22},"end":{"line":26,"column":1}}},"fnMap":{},"branchMap":{},"s":{"0":1,"1":1,"2":1},"f":{},"b":{},"_coverageSchema":"1a1c01bbd47fc00a2c39e90264f33305004495a9","hash":"52e688d2b6f4868892ff5f9842bd51215257266a"}
,"D:\\Projets\\elearn_mobile\\constants\\theme.ts": {"path":"D:\\Projets\\elearn_mobile\\constants\\theme.ts","statementMap":{"0":{"start":{"line":4,"column":21},"end":{"line":145,"column":1}}},"fnMap":{},"branchMap":{},"s":{"0":2},"f":{},"b":{},"_coverageSchema":"1a1c01bbd47fc00a2c39e90264f33305004495a9","hash":"568c953849ad5d692a552d9e1a5dcaed89c3ecb9"}
,"D:\\Projets\\elearn_mobile\\hooks\\useColorScheme.ts": {"path":"D:\\Projets\\elearn_mobile\\hooks\\useColorScheme.ts","statementMap":{},"fnMap":{},"branchMap":{},"s":{},"f":{},"b":{},"_coverageSchema":"1a1c01bbd47fc00a2c39e90264f33305004495a9","hash":"b4a8117480b71c397b7ccbcf3df331b8951a88b2"}
,"D:\\Projets\\elearn_mobile\\hooks\\useThemeColor.ts": {"path":"D:\\Projets\\elearn_mobile\\hooks\\useThemeColor.ts","statementMap":{"0":{"start":{"line":13,"column":16},"end":{"line":13,"column":43}},"1":{"start":{"line":14,"column":25},"end":{"line":14,"column":37}},"2":{"start":{"line":16,"column":2},"end":{"line":20,"column":3}},"3":{"start":{"line":17,"column":4},"end":{"line":17,"column":26}},"4":{"start":{"line":19,"column":4},"end":{"line":19,"column":36}}},"fnMap":{"0":{"name":"useThemeColor","decl":{"start":{"line":9,"column":16},"end":{"line":9,"column":29}},"loc":{"start":{"line":12,"column":2},"end":{"line":21,"column":1}},"line":12}},"branchMap":{"0":{"loc":{"start":{"line":13,"column":16},"end":{"line":13,"column":43}},"type":"binary-expr","locations":[{"start":{"line":13,"column":16},"end":{"line":13,"column":32}},{"start":{"line":13,"column":36},"end":{"line":13,"column":43}}],"line":13},"1":{"loc":{"start":{"line":16,"column":2},"end":{"line":20,"column":3}},"type":"if","locations":[{"start":{"line":16,"column":2},"end":{"line":20,"column":3}},{"start":{"line":18,"column":9},"end":{"line":20,"column":3}}],"line":16}},"s":{"0":1,"1":1,"2":1,"3":0,"4":1},"f":{"0":1},"b":{"0":[1,0],"1":[0,1]},"_coverageSchema":"1a1c01bbd47fc00a2c39e90264f33305004495a9","hash":"c4dbaacea647c4fb7f34f80c12c515c25726b722"}
,"D:\\Projets\\elearn_mobile\\utils\\pricing.ts": {"path":"D:\\Projets\\elearn_mobile\\utils\\pricing.ts","statementMap":{"0":{"start":{"line":41,"column":38},"end":{"line":41,"column":41}},"1":{"start":{"line":51,"column":26},"end":{"line":207,"column":1}},"2":{"start":{"line":53,"column":42},"end":{"line":53,"column":56}},"3":{"start":{"line":55,"column":17},"end":{"line":55,"column":35}},"4":{"start":{"line":61,"column":25},"end":{"line":123,"column":3}},"5":{"start":{"line":127,"column":26},"end":{"line":127,"column":50}},"6":{"start":{"line":131,"column":39},"end":{"line":185,"column":3}},"7":{"start":{"line":189,"column":2},"end":{"line":205,"column":4}},"8":{"start":{"line":212,"column":38},"end":{"line":214,"column":1}},"9":{"start":{"line":213,"column":2},"end":{"line":213,"column":34}},"10":{"start":{"line":219,"column":36},"end":{"line":235,"column":1}},"11":{"start":{"line":224,"column":2},"end":{"line":224,"column":36}},"12":{"start":{"line":224,"column":24},"end":{"line":224,"column":36}},"13":{"start":{"line":226,"column":2},"end":{"line":232,"column":3}},"14":{"start":{"line":227,"column":4},"end":{"line":227,"column":71}},"15":{"start":{"line":227,"column":37},"end":{"line":227,"column":61}},"16":{"start":{"line":228,"column":9},"end":{"line":232,"column":3}},"17":{"start":{"line":229,"column":4},"end":{"line":229,"column":70}},"18":{"start":{"line":229,"column":37},"end":{"line":229,"column":60}},"19":{"start":{"line":230,"column":9},"end":{"line":232,"column":3}},"20":{"start":{"line":231,"column":4},"end":{"line":231,"column":70}},"21":{"start":{"line":231,"column":37},"end":{"line":231,"column":60}},"22":{"start":{"line":234,"column":2},"end":{"line":234,"column":14}},"23":{"start":{"line":240,"column":38},"end":{"line":261,"column":1}},"24":{"start":{"line":245,"column":2},"end":{"line":245,"column":36}},"25":{"start":{"line":245,"column":24},"end":{"line":245,"column":36}},"26":{"start":{"line":246,"column":2},"end":{"line":246,"column":35}},"27":{"start":{"line":246,"column":23},"end":{"line":246,"column":35}},"28":{"start":{"line":248,"column":2},"end":{"line":258,"column":3}},"29":{"start":{"line":249,"column":29},"end":{"line":249,"column":79}},"30":{"start":{"line":249,"column":55},"end":{"line":249,"column":78}},"31":{"start":{"line":250,"column":4},"end":{"line":252,"column":5}},"32":{"start":{"line":251,"column":6},"end":{"line":251,"column":59}},"33":{"start":{"line":253,"column":9},"end":{"line":258,"column":3}},"34":{"start":{"line":254,"column":30},"end":{"line":254,"column":81}},"35":{"start":{"line":254,"column":56},"end":{"line":254,"column":80}},"36":{"start":{"line":255,"column":4},"end":{"line":257,"column":5}},"37":{"start":{"line":256,"column":6},"end":{"line":256,"column":60}},"38":{"start":{"line":260,"column":2},"end":{"line":260,"column":14}},"39":{"start":{"line":266,"column":40},"end":{"line":309,"column":1}},"40":{"start":{"line":275,"column":2},"end":{"line":275,"column":32}},"41":{"start":{"line":275,"column":23},"end":{"line":275,"column":32}},"42":{"start":{"line":277,"column":2},"end":{"line":279,"column":3}},"43":{"start":{"line":278,"column":4},"end":{"line":278,"column":41}},"44":{"start":{"line":281,"column":2},"end":{"line":283,"column":3}},"45":{"start":{"line":282,"column":4},"end":{"line":282,"column":34}},"46":{"start":{"line":285,"column":28},"end":{"line":285,"column":91}},"47":{"start":{"line":287,"column":2},"end":{"line":287,"column":46}},"48":{"start":{"line":287,"column":26},"end":{"line":287,"column":46}},"49":{"start":{"line":289,"column":2},"end":{"line":308,"column":3}},"50":{"start":{"line":291,"column":6},"end":{"line":291,"column":42}},"51":{"start":{"line":293,"column":6},"end":{"line":301,"column":7}},"52":{"start":{"line":294,"column":8},"end":{"line":294,"column":44}},"53":{"start":{"line":296,"column":33},"end":{"line":296,"column":83}},"54":{"start":{"line":296,"column":59},"end":{"line":296,"column":82}},"55":{"start":{"line":297,"column":8},"end":{"line":297,"column":51}},"56":{"start":{"line":297,"column":31},"end":{"line":297,"column":51}},"57":{"start":{"line":298,"column":33},"end":{"line":298,"column":64}},"58":{"start":{"line":299,"column":39},"end":{"line":299,"column":96}},"59":{"start":{"line":300,"column":8},"end":{"line":300,"column":57}},"60":{"start":{"line":303,"column":31},"end":{"line":303,"column":63}},"61":{"start":{"line":304,"column":37},"end":{"line":304,"column":95}},"62":{"start":{"line":305,"column":6},"end":{"line":305,"column":55}},"63":{"start":{"line":307,"column":6},"end":{"line":307,"column":26}},"64":{"start":{"line":314,"column":31},"end":{"line":325,"column":1}},"65":{"start":{"line":321,"column":2},"end":{"line":323,"column":3}},"66":{"start":{"line":322,"column":4},"end":{"line":322,"column":29}},"67":{"start":{"line":324,"column":2},"end":{"line":324,"column":52}}},"fnMap":{"0":{"name":"(anonymous_0)","decl":{"start":{"line":51,"column":26},"end":{"line":51,"column":27}},"loc":{"start":{"line":51,"column":32},"end":{"line":207,"column":1}},"line":51},"1":{"name":"(anonymous_1)","decl":{"start":{"line":212,"column":38},"end":{"line":212,"column":39}},"loc":{"start":{"line":212,"column":81},"end":{"line":214,"column":1}},"line":212},"2":{"name":"(anonymous_2)","decl":{"start":{"line":219,"column":36},"end":{"line":219,"column":37}},"loc":{"start":{"line":223,"column":25},"end":{"line":235,"column":1}},"line":223},"3":{"name":"(anonymous_3)","decl":{"start":{"line":227,"column":29},"end":{"line":227,"column":30}},"loc":{"start":{"line":227,"column":37},"end":{"line":227,"column":61}},"line":227},"4":{"name":"(anonymous_4)","decl":{"start":{"line":229,"column":29},"end":{"line":229,"column":30}},"loc":{"start":{"line":229,"column":37},"end":{"line":229,"column":60}},"line":229},"5":{"name":"(anonymous_5)","decl":{"start":{"line":231,"column":29},"end":{"line":231,"column":30}},"loc":{"start":{"line":231,"column":37},"end":{"line":231,"column":60}},"line":231},"6":{"name":"(anonymous_6)","decl":{"start":{"line":240,"column":38},"end":{"line":240,"column":39}},"loc":{"start":{"line":244,"column":25},"end":{"line":261,"column":1}},"line":244},"7":{"name":"(anonymous_7)","decl":{"start":{"line":249,"column":47},"end":{"line":249,"column":48}},"loc":{"start":{"line":249,"column":55},"end":{"line":249,"column":78}},"line":249},"8":{"name":"(anonymous_8)","decl":{"start":{"line":254,"column":48},"end":{"line":254,"column":49}},"loc":{"start":{"line":254,"column":56},"end":{"line":254,"column":80}},"line":254},"9":{"name":"(anonymous_9)","decl":{"start":{"line":266,"column":40},"end":{"line":266,"column":41}},"loc":{"start":{"line":274,"column":13},"end":{"line":309,"column":1}},"line":274},"10":{"name":"(anonymous_10)","decl":{"start":{"line":296,"column":51},"end":{"line":296,"column":52}},"loc":{"start":{"line":296,"column":59},"end":{"line":296,"column":82}},"line":296},"11":{"name":"(anonymous_11)","decl":{"start":{"line":314,"column":31},"end":{"line":314,"column":32}},"loc":{"start":{"line":320,"column":13},"end":{"line":325,"column":1}},"line":320}},"branchMap":{"0":{"loc":{"start":{"line":127,"column":26},"end":{"line":127,"column":50}},"type":"binary-expr","locations":[{"start":{"line":127,"column":26},"end":{"line":127,"column":32}},{"start":{"line":127,"column":36},"end":{"line":127,"column":50}}],"line":127},"1":{"loc":{"start":{"line":199,"column":28},"end":{"line":199,"column":92}},"type":"binary-expr","locations":[{"start":{"line":199,"column":28},"end":{"line":199,"column":66}},{"start":{"line":199,"column":70},"end":{"line":199,"column":92}}],"line":199},"2":{"loc":{"start":{"line":224,"column":2},"end":{"line":224,"column":36}},"type":"if","locations":[{"start":{"line":224,"column":2},"end":{"line":224,"column":36}},{"start":{},"end":{}}],"line":224},"3":{"loc":{"start":{"line":226,"column":2},"end":{"line":232,"column":3}},"type":"if","locations":[{"start":{"line":226,"column":2},"end":{"line":232,"column":3}},{"start":{"line":228,"column":9},"end":{"line":232,"column":3}}],"line":226},"4":{"loc":{"start":{"line":227,"column":11},"end":{"line":227,"column":70}},"type":"binary-expr","locations":[{"start":{"line":227,"column":11},"end":{"line":227,"column":62}},{"start":{"line":227,"column":66},"end":{"line":227,"column":70}}],"line":227},"5":{"loc":{"start":{"line":228,"column":9},"end":{"line":232,"column":3}},"type":"if","locations":[{"start":{"line":228,"column":9},"end":{"line":232,"column":3}},{"start":{"line":230,"column":9},"end":{"line":232,"column":3}}],"line":228},"6":{"loc":{"start":{"line":229,"column":11},"end":{"line":229,"column":69}},"type":"binary-expr","locations":[{"start":{"line":229,"column":11},"end":{"line":229,"column":61}},{"start":{"line":229,"column":65},"end":{"line":229,"column":69}}],"line":229},"7":{"loc":{"start":{"line":230,"column":9},"end":{"line":232,"column":3}},"type":"if","locations":[{"start":{"line":230,"column":9},"end":{"line":232,"column":3}},{"start":{},"end":{}}],"line":230},"8":{"loc":{"start":{"line":231,"column":11},"end":{"line":231,"column":69}},"type":"binary-expr","locations":[{"start":{"line":231,"column":11},"end":{"line":231,"column":61}},{"start":{"line":231,"column":65},"end":{"line":231,"column":69}}],"line":231},"9":{"loc":{"start":{"line":245,"column":2},"end":{"line":245,"column":36}},"type":"if","locations":[{"start":{"line":245,"column":2},"end":{"line":245,"column":36}},{"start":{},"end":{}}],"line":245},"10":{"loc":{"start":{"line":246,"column":2},"end":{"line":246,"column":35}},"type":"if","locations":[{"start":{"line":246,"column":2},"end":{"line":246,"column":35}},{"start":{},"end":{}}],"line":246},"11":{"loc":{"start":{"line":248,"column":2},"end":{"line":258,"column":3}},"type":"if","locations":[{"start":{"line":248,"column":2},"end":{"line":258,"column":3}},{"start":{"line":253,"column":9},"end":{"line":258,"column":3}}],"line":248},"12":{"loc":{"start":{"line":250,"column":4},"end":{"line":252,"column":5}},"type":"if","locations":[{"start":{"line":250,"column":4},"end":{"line":252,"column":5}},{"start":{},"end":{}}],"line":250},"13":{"loc":{"start":{"line":253,"column":9},"end":{"line":258,"column":3}},"type":"if","locations":[{"start":{"line":253,"column":9},"end":{"line":258,"column":3}},{"start":{},"end":{}}],"line":253},"14":{"loc":{"start":{"line":255,"column":4},"end":{"line":257,"column":5}},"type":"if","locations":[{"start":{"line":255,"column":4},"end":{"line":257,"column":5}},{"start":{},"end":{}}],"line":255},"15":{"loc":{"start":{"line":275,"column":2},"end":{"line":275,"column":32}},"type":"if","locations":[{"start":{"line":275,"column":2},"end":{"line":275,"column":32}},{"start":{},"end":{}}],"line":275},"16":{"loc":{"start":{"line":277,"column":2},"end":{"line":279,"column":3}},"type":"if","locations":[{"start":{"line":277,"column":2},"end":{"line":279,"column":3}},{"start":{},"end":{}}],"line":277},"17":{"loc":{"start":{"line":281,"column":2},"end":{"line":283,"column":3}},"type":"if","locations":[{"start":{"line":281,"column":2},"end":{"line":283,"column":3}},{"start":{},"end":{}}],"line":281},"18":{"loc":{"start":{"line":287,"column":2},"end":{"line":287,"column":46}},"type":"if","locations":[{"start":{"line":287,"column":2},"end":{"line":287,"column":46}},{"start":{},"end":{}}],"line":287},"19":{"loc":{"start":{"line":289,"column":2},"end":{"line":308,"column":3}},"type":"switch","locations":[{"start":{"line":290,"column":4},"end":{"line":291,"column":42}},{"start":{"line":292,"column":4},"end":{"line":301,"column":7}},{"start":{"line":302,"column":4},"end":{"line":305,"column":55}},{"start":{"line":306,"column":4},"end":{"line":307,"column":26}}],"line":289},"20":{"loc":{"start":{"line":291,"column":13},"end":{"line":291,"column":41}},"type":"binary-expr","locations":[{"start":{"line":291,"column":13},"end":{"line":291,"column":36}},{"start":{"line":291,"column":40},"end":{"line":291,"column":41}}],"line":291},"21":{"loc":{"start":{"line":293,"column":6},"end":{"line":301,"column":7}},"type":"if","locations":[{"start":{"line":293,"column":6},"end":{"line":301,"column":7}},{"start":{"line":295,"column":13},"end":{"line":301,"column":7}}],"line":293},"22":{"loc":{"start":{"line":294,"column":15},"end":{"line":294,"column":43}},"type":"binary-expr","locations":[{"start":{"line":294,"column":15},"end":{"line":294,"column":38}},{"start":{"line":294,"column":42},"end":{"line":294,"column":43}}],"line":294},"23":{"loc":{"start":{"line":297,"column":8},"end":{"line":297,"column":51}},"type":"if","locations":[{"start":{"line":297,"column":8},"end":{"line":297,"column":51}},{"start":{},"end":{}}],"line":297},"24":{"loc":{"start":{"line":298,"column":33},"end":{"line":298,"column":64}},"type":"binary-expr","locations":[{"start":{"line":298,"column":33},"end":{"line":298,"column":59}},{"start":{"line":298,"column":63},"end":{"line":298,"column":64}}],"line":298},"25":{"loc":{"start":{"line":299,"column":58},"end":{"line":299,"column":95}},"type":"binary-expr","locations":[{"start":{"line":299,"column":58},"end":{"line":299,"column":90}},{"start":{"line":299,"column":94},"end":{"line":299,"column":95}}],"line":299},"26":{"loc":{"start":{"line":303,"column":31},"end":{"line":303,"column":63}},"type":"binary-expr","locations":[{"start":{"line":303,"column":31},"end":{"line":303,"column":58}},{"start":{"line":303,"column":62},"end":{"line":303,"column":63}}],"line":303},"27":{"loc":{"start":{"line":304,"column":56},"end":{"line":304,"column":94}},"type":"binary-expr","locations":[{"start":{"line":304,"column":56},"end":{"line":304,"column":89}},{"start":{"line":304,"column":93},"end":{"line":304,"column":94}}],"line":304},"28":{"loc":{"start":{"line":321,"column":2},"end":{"line":323,"column":3}},"type":"if","locations":[{"start":{"line":321,"column":2},"end":{"line":323,"column":3}},{"start":{},"end":{}}],"line":321},"29":{"loc":{"start":{"line":324,"column":9},"end":{"line":324,"column":51}},"type":"cond-expr","locations":[{"start":{"line":324,"column":28},"end":{"line":324,"column":38}},{"start":{"line":324,"column":41},"end":{"line":324,"column":51}}],"line":324}},"s":{"0":1,"1":1,"2":0,"3":0,"4":0,"5":0,"6":0,"7":0,"8":1,"9":2,"10":1,"11":11,"12":1,"13":10,"14":3,"15":9,"16":7,"17":2,"18":4,"19":5,"20":4,"21":4,"22":1,"23":1,"24":5,"25":1,"26":4,"27":1,"28":3,"29":1,"30":2,"31":1,"32":1,"33":2,"34":1,"35":3,"36":1,"37":1,"38":1,"39":1,"40":7,"41":1,"42":6,"43":1,"44":5,"45":1,"46":4,"47":4,"48":0,"49":4,"50":1,"51":1,"52":1,"53":0,"54":0,"55":0,"56":0,"57":0,"58":0,"59":0,"60":2,"61":2,"62":2,"63":0,"64":1,"65":3,"66":1,"67":2},"f":{"0":0,"1":2,"2":11,"3":9,"4":4,"5":4,"6":5,"7":2,"8":3,"9":7,"10":0,"11":3},"b":{"0":[0,0],"1":[0,0],"2":[1,10],"3":[3,7],"4":[3,0],"5":[2,5],"6":[2,0],"7":[4,1],"8":[4,0],"9":[1,4],"10":[1,3],"11":[1,2],"12":[1,0],"13":[1,1],"14":[1,0],"15":[1,6],"16":[1,5],"17":[1,4],"18":[0,4],"19":[1,1,2,0],"20":[1,0],"21":[1,0],"22":[1,0],"23":[0,0],"24":[0,0],"25":[0,0],"26":[2,0],"27":[2,0],"28":[1,2],"29":[1,1]},"_coverageSchema":"1a1c01bbd47fc00a2c39e90264f33305004495a9","hash":"ab6e970280dfc933a4aed3f87a8f37a4ee77f267"}
}
