TN:
SF:components\ThemedText.tsx
FN:12,ThemedText
FNF:1
FNH:1
FNDA:1,ThemedText
DA:19,1
DA:21,1
DA:37,1
LF:3
LH:3
BRDA:16,0,0,1
BRDA:25,1,0,1
BRDA:25,1,1,0
BRDA:26,2,0,0
BRDA:26,2,1,1
BRDA:27,3,0,0
BRDA:27,3,1,1
BRDA:28,4,0,0
BRDA:28,4,1,1
BRDA:29,5,0,0
BRDA:29,5,1,1
BRF:11
BRH:6
end_of_record
TN:
SF:components\settings\SettingsItem.tsx
FN:23,(anonymous_0)
FN:62,(anonymous_1)
FNF:2
FNH:2
FNDA:2,(anonymous_0)
FNDA:1,(anonymous_1)
DA:23,1
DA:33,2
DA:36,2
DA:37,1
DA:59,1
DA:63,1
DA:64,1
DA:87,1
LF:8
LH:8
BRDA:36,0,0,1
BRDA:36,0,1,1
BRDA:38,1,0,1
BRDA:38,1,1,0
BRDA:40,2,0,1
BRDA:40,2,1,0
BRDA:44,3,0,1
BRDA:44,3,1,0
BRDA:45,4,0,1
BRDA:45,4,1,0
BRDA:52,5,0,0
BRDA:52,5,1,1
BRDA:61,6,0,1
BRDA:61,6,1,0
BRDA:64,7,0,1
BRDA:64,7,1,0
BRDA:68,8,0,1
BRDA:68,8,1,0
BRDA:72,9,0,1
BRDA:72,9,1,0
BRDA:73,10,0,1
BRDA:73,10,1,0
BRDA:76,11,0,1
BRDA:76,11,1,1
BRDA:80,12,0,0
BRDA:80,12,1,1
BRF:26
BRH:15
end_of_record
TN:
SF:constants\Colors.ts
FNF:0
FNH:0
DA:6,1
DA:7,1
DA:9,1
LF:3
LH:3
BRF:0
BRH:0
end_of_record
TN:
SF:constants\theme.ts
FNF:0
FNH:0
DA:4,2
LF:1
LH:1
BRF:0
BRH:0
end_of_record
TN:
SF:hooks\useColorScheme.ts
FNF:0
FNH:0
LF:0
LH:0
BRF:0
BRH:0
end_of_record
TN:
SF:hooks\useThemeColor.ts
FN:9,useThemeColor
FNF:1
FNH:1
FNDA:1,useThemeColor
DA:13,1
DA:14,1
DA:16,1
DA:17,0
DA:19,1
LF:5
LH:4
BRDA:13,0,0,1
BRDA:13,0,1,0
BRDA:16,1,0,0
BRDA:16,1,1,1
BRF:4
BRH:2
end_of_record
TN:
SF:utils\pricing.ts
FN:51,(anonymous_0)
FN:212,(anonymous_1)
FN:219,(anonymous_2)
FN:227,(anonymous_3)
FN:229,(anonymous_4)
FN:231,(anonymous_5)
FN:240,(anonymous_6)
FN:249,(anonymous_7)
FN:254,(anonymous_8)
FN:266,(anonymous_9)
FN:296,(anonymous_10)
FN:314,(anonymous_11)
FNF:12
FNH:10
FNDA:0,(anonymous_0)
FNDA:2,(anonymous_1)
FNDA:11,(anonymous_2)
FNDA:9,(anonymous_3)
FNDA:4,(anonymous_4)
FNDA:4,(anonymous_5)
FNDA:5,(anonymous_6)
FNDA:2,(anonymous_7)
FNDA:3,(anonymous_8)
FNDA:7,(anonymous_9)
FNDA:0,(anonymous_10)
FNDA:3,(anonymous_11)
DA:41,1
DA:51,1
DA:53,0
DA:55,0
DA:61,0
DA:127,0
DA:131,0
DA:189,0
DA:212,1
DA:213,2
DA:219,1
DA:224,11
DA:226,10
DA:227,9
DA:228,7
DA:229,4
DA:230,5
DA:231,4
DA:234,1
DA:240,1
DA:245,5
DA:246,4
DA:248,3
DA:249,2
DA:250,1
DA:251,1
DA:253,2
DA:254,3
DA:255,1
DA:256,1
DA:260,1
DA:266,1
DA:275,7
DA:277,6
DA:278,1
DA:281,5
DA:282,1
DA:285,4
DA:287,4
DA:289,4
DA:291,1
DA:293,1
DA:294,1
DA:296,0
DA:297,0
DA:298,0
DA:299,0
DA:300,0
DA:303,2
DA:304,2
DA:305,2
DA:307,0
DA:314,1
DA:321,3
DA:322,1
DA:324,2
LF:56
LH:44
BRDA:127,0,0,0
BRDA:127,0,1,0
BRDA:199,1,0,0
BRDA:199,1,1,0
BRDA:224,2,0,1
BRDA:224,2,1,10
BRDA:226,3,0,3
BRDA:226,3,1,7
BRDA:227,4,0,3
BRDA:227,4,1,0
BRDA:228,5,0,2
BRDA:228,5,1,5
BRDA:229,6,0,2
BRDA:229,6,1,0
BRDA:230,7,0,4
BRDA:230,7,1,1
BRDA:231,8,0,4
BRDA:231,8,1,0
BRDA:245,9,0,1
BRDA:245,9,1,4
BRDA:246,10,0,1
BRDA:246,10,1,3
BRDA:248,11,0,1
BRDA:248,11,1,2
BRDA:250,12,0,1
BRDA:250,12,1,0
BRDA:253,13,0,1
BRDA:253,13,1,1
BRDA:255,14,0,1
BRDA:255,14,1,0
BRDA:275,15,0,1
BRDA:275,15,1,6
BRDA:277,16,0,1
BRDA:277,16,1,5
BRDA:281,17,0,1
BRDA:281,17,1,4
BRDA:287,18,0,0
BRDA:287,18,1,4
BRDA:289,19,0,1
BRDA:289,19,1,1
BRDA:289,19,2,2
BRDA:289,19,3,0
BRDA:291,20,0,1
BRDA:291,20,1,0
BRDA:293,21,0,1
BRDA:293,21,1,0
BRDA:294,22,0,1
BRDA:294,22,1,0
BRDA:297,23,0,0
BRDA:297,23,1,0
BRDA:298,24,0,0
BRDA:298,24,1,0
BRDA:299,25,0,0
BRDA:299,25,1,0
BRDA:303,26,0,2
BRDA:303,26,1,0
BRDA:304,27,0,2
BRDA:304,27,1,0
BRDA:321,28,0,1
BRDA:321,28,1,2
BRDA:324,29,0,1
BRDA:324,29,1,1
BRF:62
BRH:40
end_of_record
